<?xml version="1.0" encoding="UTF-8"?>
<testsuite name="Project" tests="1" errors="0" failures="0" skipped="0" time="0.742">
<testcase classname="Project" name="TrendyolExample" time="0.000">
</testcase>
<robot generator="Robot 3.1.2 (Python 3.7.3 on win32)" generated="20190711 17:18:58.623" rpa="false">
<suite id="s1" name="Project" source="C:\www\N11TestCase\tests\project.robot">
<test id="s1-t1" name="01.N11TestCase-KeyTorc">
<kw name="Launch Browser" library="MainFunctions" type="setup">
<arguments>
<arg>https://www.n11.com/</arg>
</arguments>
<kw name="HeadlessChrome" library="MainFunctions">
<arguments>
<arg>${url}</arg>
</arguments>
<kw name="Set Environment Variable" library="OperatingSystem">
<doc>Sets an environment variable to a specified value.</doc>
<arguments>
<arg>webdriver.chrome.driver</arg>
<arg>C:\\www\\N11TestCase\\Variables/chromedriver.exe</arg>
</arguments>
<msg timestamp="20190711 17:19:00.698" level="INFO">Environment variable 'webdriver.chrome.driver' set to value 'C:\www\N11TestCase\Variables/chromedriver.exe'.</msg>
<status status="PASS" starttime="20190711 17:19:00.697" endtime="20190711 17:19:00.698"></status>
</kw>
<kw name="Set Screenshot Directory" library="Selenium2Library">
<doc>Sets the directory for captured screenshots.</doc>
<arguments>
<arg>C:\\www\\N11TestCase\\Variables/../Tests/testresults/${TEST_NAME}</arg>
</arguments>
<status status="PASS" starttime="20190711 17:19:00.700" endtime="20190711 17:19:00.701"></status>
</kw>
<kw name="Set Chrome Options" library="MainFunctions">
<assign>
<var>${chrome_options}</var>
</assign>
<kw name="Evaluate" library="BuiltIn">
<doc>Evaluates the given expression in Python and returns the results.</doc>
<arguments>
<arg>sys.modules['selenium.webdriver'].ChromeOptions()</arg>
<arg>sys, selenium.webdriver</arg>
</arguments>
<assign>
<var>${options}</var>
</assign>
<msg timestamp="20190711 17:19:00.702" level="INFO">${options} = &lt;selenium.webdriver.chrome.options.Options object at 0x0482B3D0&gt;</msg>
<status status="PASS" starttime="20190711 17:19:00.702" endtime="20190711 17:19:00.702"></status>
</kw>
<kw name="${option} IN [ @{chrome_arguments} ]" type="for">
<kw name="${option} = --disable-infobars" type="foritem">
<kw name="Call Method" library="BuiltIn">
<doc>Calls the named method of the given object with the provided arguments.</doc>
<arguments>
<arg>${options}</arg>
<arg>add_argument</arg>
<arg>${option}</arg>
</arguments>
<status status="PASS" starttime="20190711 17:19:00.703" endtime="20190711 17:19:00.703"></status>
</kw>
<status status="PASS" starttime="20190711 17:19:00.703" endtime="20190711 17:19:00.703"></status>
</kw>
<kw name="${option} = --headless" type="foritem">
<kw name="Call Method" library="BuiltIn">
<doc>Calls the named method of the given object with the provided arguments.</doc>
<arguments>
<arg>${options}</arg>
<arg>add_argument</arg>
<arg>${option}</arg>
</arguments>
<status status="PASS" starttime="20190711 17:19:00.704" endtime="20190711 17:19:00.704"></status>
</kw>
<status status="PASS" starttime="20190711 17:19:00.703" endtime="20190711 17:19:00.704"></status>
</kw>
<kw name="${option} = --disable-gpu" type="foritem">
<kw name="Call Method" library="BuiltIn">
<doc>Calls the named method of the given object with the provided arguments.</doc>
<arguments>
<arg>${options}</arg>
<arg>add_argument</arg>
<arg>${option}</arg>
</arguments>
<status status="PASS" starttime="20190711 17:19:00.705" endtime="20190711 17:19:00.705"></status>
</kw>
<status status="PASS" starttime="20190711 17:19:00.704" endtime="20190711 17:19:00.705"></status>
</kw>
<status status="PASS" starttime="20190711 17:19:00.702" endtime="20190711 17:19:00.705"></status>
</kw>
<msg timestamp="20190711 17:19:00.705" level="INFO">${chrome_options} = &lt;selenium.webdriver.chrome.options.Options object at 0x0482B3D0&gt;</msg>
<status status="PASS" starttime="20190711 17:19:00.701" endtime="20190711 17:19:00.705"></status>
</kw>
<kw name="Set Variable" library="BuiltIn">
<doc>Returns the given values which can then be assigned to a variables.</doc>
<arguments>
<arg>window-size=1920,1200</arg>
</arguments>
<assign>
<var>${ws}</var>
</assign>
<msg timestamp="20190711 17:19:00.706" level="INFO">${ws} = window-size=1920,1200</msg>
<status status="PASS" starttime="20190711 17:19:00.706" endtime="20190711 17:19:00.706"></status>
</kw>
<kw name="Set Variable" library="BuiltIn">
<doc>Returns the given values which can then be assigned to a variables.</doc>
<arguments>
<arg>--log-level=3</arg>
</arguments>
<assign>
<var>${disableLogging}</var>
</assign>
<msg timestamp="20190711 17:19:00.707" level="INFO">${disableLogging} = --log-level=3</msg>
<status status="PASS" starttime="20190711 17:19:00.706" endtime="20190711 17:19:00.707"></status>
</kw>
<kw name="Call Method" library="BuiltIn">
<doc>Calls the named method of the given object with the provided arguments.</doc>
<arguments>
<arg>${chrome_options}</arg>
<arg>add_argument</arg>
<arg>${ws}</arg>
</arguments>
<status status="PASS" starttime="20190711 17:19:00.707" endtime="20190711 17:19:00.708"></status>
</kw>
<kw name="Call Method" library="BuiltIn">
<doc>Calls the named method of the given object with the provided arguments.</doc>
<arguments>
<arg>${chrome_options}</arg>
<arg>add_argument</arg>
<arg>${disableLogging}</arg>
</arguments>
<status status="PASS" starttime="20190711 17:19:00.708" endtime="20190711 17:19:00.708"></status>
</kw>
<kw name="Create Webdriver" library="Selenium2Library">
<doc>Creates an instance of Selenium WebDriver.</doc>
<arguments>
<arg>Chrome</arg>
<arg>${alias}</arg>
<arg>chrome_options=${chrome_options}</arg>
</arguments>
<msg timestamp="20190711 17:19:00.709" level="INFO">Creating an instance of the Chrome WebDriver.</msg>
<status status="PASS" starttime="20190711 17:19:00.709" endtime="20190711 17:19:03.418"></status>
</kw>
<kw name="Go To" library="Selenium2Library">
<doc>Navigates the active browser instance to the provided ``url``.</doc>
<arguments>
<arg>${URL}</arg>
</arguments>
<msg timestamp="20190711 17:19:03.419" level="INFO">Opening url 'https://www.n11.com/'</msg>
<status status="PASS" starttime="20190711 17:19:03.418" endtime="20190711 17:19:20.604"></status>
</kw>
<kw name="Capture Page Screenshot" library="Selenium2Library">
<doc>Takes screenshot of the current page and embeds it into log file.</doc>
<msg timestamp="20190711 17:19:21.299" level="INFO" html="yes">&lt;/td&gt;&lt;/tr&gt;&lt;tr&gt;&lt;td colspan="3"&gt;&lt;a href="../Tests/testresults/01.N11TestCase-KeyTorc/selenium-screenshot-2.png"&gt;&lt;img src="../Tests/testresults/01.N11TestCase-KeyTorc/selenium-screenshot-2.png" width="800px"&gt;&lt;/a&gt;</msg>
<status status="PASS" starttime="20190711 17:19:20.604" endtime="20190711 17:19:21.299"></status>
</kw>
<status status="PASS" starttime="20190711 17:19:00.695" endtime="20190711 17:19:21.299"></status>
</kw>
<kw name="Maximize Browser Window" library="Selenium2Library">
<doc>Maximizes current browser window.</doc>
<status status="PASS" starttime="20190711 17:19:21.300" endtime="20190711 17:19:22.415"></status>
</kw>
<status status="PASS" starttime="20190711 17:19:00.694" endtime="20190711 17:19:22.415"></status>
</kw>
<kw name="N11TestCase" library="N11Facilities">
<kw name="OpenN11Page" library="N11Facilities">
<kw name="Go To" library="Selenium2Library">
<doc>Navigates the active browser instance to the provided ``url``.</doc>
<arguments>
<arg>${N11_URL}</arg>
</arguments>
<msg timestamp="20190711 17:19:22.416" level="INFO">Opening url 'https://www.n11.com/'</msg>
<status status="PASS" starttime="20190711 17:19:22.416" endtime="20190711 17:19:24.377"></status>
</kw>
<kw name="Get Location" library="Selenium2Library">
<doc>Returns the current browser URL.</doc>
<assign>
<var>${current_url}</var>
</assign>
<msg timestamp="20190711 17:19:24.407" level="INFO">${current_url} = https://www.n11.com/</msg>
<status status="PASS" starttime="20190711 17:19:24.377" endtime="20190711 17:19:24.407"></status>
</kw>
<kw name="Run Keyword If" library="BuiltIn">
<doc>Runs the given keyword with the given arguments, if ``condition`` is true.</doc>
<arguments>
<arg>'${current_url}'=='https://www.n11.com/'</arg>
<arg>Log</arg>
<arg>You are in N11 website</arg>
<arg>level=WARN</arg>
<arg>ELSE</arg>
<arg>FAIL</arg>
<arg>You are in ${current_url}</arg>
</arguments>
<kw name="Log" library="BuiltIn">
<doc>Logs the given message with the given level.</doc>
<arguments>
<arg>You are in N11 website</arg>
<arg>level=WARN</arg>
</arguments>
<msg timestamp="20190711 17:19:24.416" level="WARN">You are in N11 website</msg>
<status status="PASS" starttime="20190711 17:19:24.415" endtime="20190711 17:19:24.483"></status>
</kw>
<status status="PASS" starttime="20190711 17:19:24.408" endtime="20190711 17:19:24.483"></status>
</kw>
<status status="PASS" starttime="20190711 17:19:22.416" endtime="20190711 17:19:24.484"></status>
</kw>
<kw name="LoginN11" library="N11Facilities">
<arguments>
<arg>${userMail}</arg>
<arg>${userPassword}</arg>
</arguments>
<kw name="Wait And Click Element" library="MainFunctions">
<arguments>
<arg>${signInLinkN11}</arg>
</arguments>
<kw name="wait for element" library="MainFunctions">
<arguments>
<arg>${element}</arg>
<arg>${timeout}</arg>
<arg>${interval}</arg>
</arguments>
<kw name="Wait Until Keyword Succeeds" library="BuiltIn">
<doc>Runs the specified keyword and retries if it fails.</doc>
<arguments>
<arg>${timeout}</arg>
<arg>${interval}</arg>
<arg>Page Should Contain Element</arg>
<arg>${element}</arg>
</arguments>
<kw name="Page Should Contain Element" library="Selenium2Library">
<doc>Verifies that element ``locator`` is found on the current page.</doc>
<arguments>
<arg>${element}</arg>
</arguments>
<msg timestamp="20190711 17:19:24.537" level="INFO">Current page contains element 'xpath=//a[@title="Giris Yap"]'.</msg>
<status status="PASS" starttime="20190711 17:19:24.488" endtime="20190711 17:19:24.537"></status>
</kw>
<status status="PASS" starttime="20190711 17:19:24.487" endtime="20190711 17:19:24.537"></status>
</kw>
<kw name="Capture Page Screenshot" library="Selenium2Library">
<doc>Takes screenshot of the current page and embeds it into log file.</doc>
<msg timestamp="20190711 17:19:25.579" level="INFO" html="yes">&lt;/td&gt;&lt;/tr&gt;&lt;tr&gt;&lt;td colspan="3"&gt;&lt;a href="../Tests/testresults/01.N11TestCase-KeyTorc/selenium-screenshot-3.png"&gt;&lt;img src="../Tests/testresults/01.N11TestCase-KeyTorc/selenium-screenshot-3.png" width="800px"&gt;&lt;/a&gt;</msg>
<status status="PASS" starttime="20190711 17:19:24.537" endtime="20190711 17:19:25.580"></status>
</kw>
<status status="PASS" starttime="20190711 17:19:24.486" endtime="20190711 17:19:25.580"></status>
</kw>
<kw name="click on element" library="MainFunctions">
<arguments>
<arg>${element}</arg>
</arguments>
<kw name="Click Element" library="Selenium2Library">
<doc>Click element identified by ``locator``.</doc>
<arguments>
<arg>${element}</arg>
</arguments>
<msg timestamp="20190711 17:19:25.582" level="INFO">Clicking element 'xpath=//a[@title="Giris Yap"]'.</msg>
<status status="PASS" starttime="20190711 17:19:25.582" endtime="20190711 17:19:26.738"></status>
</kw>
<status status="PASS" starttime="20190711 17:19:25.581" endtime="20190711 17:19:26.739"></status>
</kw>
<status status="PASS" starttime="20190711 17:19:24.485" endtime="20190711 17:19:26.739"></status>
</kw>
<kw name="Wait And Send Text" library="MainFunctions">
<arguments>
<arg>${emailinput}</arg>
<arg>${LoginEMail}</arg>
</arguments>
<kw name="wait for element" library="MainFunctions">
<arguments>
<arg>${element}</arg>
<arg>${timeout}</arg>
<arg>${interval}</arg>
</arguments>
<kw name="Wait Until Keyword Succeeds" library="BuiltIn">
<doc>Runs the specified keyword and retries if it fails.</doc>
<arguments>
<arg>${timeout}</arg>
<arg>${interval}</arg>
<arg>Page Should Contain Element</arg>
<arg>${element}</arg>
</arguments>
<kw name="Page Should Contain Element" library="Selenium2Library">
<doc>Verifies that element ``locator`` is found on the current page.</doc>
<arguments>
<arg>${element}</arg>
</arguments>
<msg timestamp="20190711 17:19:26.793" level="INFO">Current page contains element 'id=email'.</msg>
<status status="PASS" starttime="20190711 17:19:26.743" endtime="20190711 17:19:26.794"></status>
</kw>
<status status="PASS" starttime="20190711 17:19:26.742" endtime="20190711 17:19:26.794"></status>
</kw>
<kw name="Capture Page Screenshot" library="Selenium2Library">
<doc>Takes screenshot of the current page and embeds it into log file.</doc>
<msg timestamp="20190711 17:19:27.334" level="INFO" html="yes">&lt;/td&gt;&lt;/tr&gt;&lt;tr&gt;&lt;td colspan="3"&gt;&lt;a href="../Tests/testresults/01.N11TestCase-KeyTorc/selenium-screenshot-4.png"&gt;&lt;img src="../Tests/testresults/01.N11TestCase-KeyTorc/selenium-screenshot-4.png" width="800px"&gt;&lt;/a&gt;</msg>
<status status="PASS" starttime="20190711 17:19:26.794" endtime="20190711 17:19:27.334"></status>
</kw>
<status status="PASS" starttime="20190711 17:19:26.740" endtime="20190711 17:19:27.334"></status>
</kw>
<kw name="send text to element" library="MainFunctions">
<arguments>
<arg>${element}</arg>
<arg>${text}</arg>
</arguments>
<kw name="Input Text" library="Selenium2Library">
<doc>Types the given ``text`` into text field identified by ``locator``.</doc>
<arguments>
<arg>${element}</arg>
<arg>${text}</arg>
</arguments>
<msg timestamp="20190711 17:19:27.336" level="INFO">Typing text 'testrobotpy@gmail.com' into text field 'id=email'.</msg>
<status status="PASS" starttime="20190711 17:19:27.335" endtime="20190711 17:19:27.575"></status>
</kw>
<status status="PASS" starttime="20190711 17:19:27.335" endtime="20190711 17:19:27.575"></status>
</kw>
<status status="PASS" starttime="20190711 17:19:26.739" endtime="20190711 17:19:27.575"></status>
</kw>
<kw name="Wait And Send Text" library="MainFunctions">
<arguments>
<arg>${passwordinput}</arg>
<arg>${loginPassword}</arg>
</arguments>
<kw name="wait for element" library="MainFunctions">
<arguments>
<arg>${element}</arg>
<arg>${timeout}</arg>
<arg>${interval}</arg>
</arguments>
<kw name="Wait Until Keyword Succeeds" library="BuiltIn">
<doc>Runs the specified keyword and retries if it fails.</doc>
<arguments>
<arg>${timeout}</arg>
<arg>${interval}</arg>
<arg>Page Should Contain Element</arg>
<arg>${element}</arg>
</arguments>
<kw name="Page Should Contain Element" library="Selenium2Library">
<doc>Verifies that element ``locator`` is found on the current page.</doc>
<arguments>
<arg>${element}</arg>
</arguments>
<msg timestamp="20190711 17:19:27.676" level="INFO">Current page contains element 'id=password'.</msg>
<status status="PASS" starttime="20190711 17:19:27.578" endtime="20190711 17:19:27.677"></status>
</kw>
<status status="PASS" starttime="20190711 17:19:27.577" endtime="20190711 17:19:27.677"></status>
</kw>
<kw name="Capture Page Screenshot" library="Selenium2Library">
<doc>Takes screenshot of the current page and embeds it into log file.</doc>
<msg timestamp="20190711 17:19:28.415" level="INFO" html="yes">&lt;/td&gt;&lt;/tr&gt;&lt;tr&gt;&lt;td colspan="3"&gt;&lt;a href="../Tests/testresults/01.N11TestCase-KeyTorc/selenium-screenshot-5.png"&gt;&lt;img src="../Tests/testresults/01.N11TestCase-KeyTorc/selenium-screenshot-5.png" width="800px"&gt;&lt;/a&gt;</msg>
<status status="PASS" starttime="20190711 17:19:27.677" endtime="20190711 17:19:28.415"></status>
</kw>
<status status="PASS" starttime="20190711 17:19:27.576" endtime="20190711 17:19:28.415"></status>
</kw>
<kw name="send text to element" library="MainFunctions">
<arguments>
<arg>${element}</arg>
<arg>${text}</arg>
</arguments>
<kw name="Input Text" library="Selenium2Library">
<doc>Types the given ``text`` into text field identified by ``locator``.</doc>
<arguments>
<arg>${element}</arg>
<arg>${text}</arg>
</arguments>
<msg timestamp="20190711 17:19:28.417" level="INFO">Typing text 'q1w2e3r4' into text field 'id=password'.</msg>
<status status="PASS" starttime="20190711 17:19:28.417" endtime="20190711 17:19:28.575"></status>
</kw>
<status status="PASS" starttime="20190711 17:19:28.415" endtime="20190711 17:19:28.575"></status>
</kw>
<status status="PASS" starttime="20190711 17:19:27.575" endtime="20190711 17:19:28.575"></status>
</kw>
<kw name="Wait And Click Element" library="MainFunctions">
<arguments>
<arg>${loginbutton}</arg>
</arguments>
<kw name="wait for element" library="MainFunctions">
<arguments>
<arg>${element}</arg>
<arg>${timeout}</arg>
<arg>${interval}</arg>
</arguments>
<kw name="Wait Until Keyword Succeeds" library="BuiltIn">
<doc>Runs the specified keyword and retries if it fails.</doc>
<arguments>
<arg>${timeout}</arg>
<arg>${interval}</arg>
<arg>Page Should Contain Element</arg>
<arg>${element}</arg>
</arguments>
<kw name="Page Should Contain Element" library="Selenium2Library">
<doc>Verifies that element ``locator`` is found on the current page.</doc>
<arguments>
<arg>${element}</arg>
</arguments>
<msg timestamp="20190711 17:19:28.618" level="INFO">Current page contains element 'id=loginButton'.</msg>
<status status="PASS" starttime="20190711 17:19:28.577" endtime="20190711 17:19:28.618"></status>
</kw>
<status status="PASS" starttime="20190711 17:19:28.576" endtime="20190711 17:19:28.618"></status>
</kw>
<kw name="Capture Page Screenshot" library="Selenium2Library">
<doc>Takes screenshot of the current page and embeds it into log file.</doc>
<msg timestamp="20190711 17:19:29.052" level="INFO" html="yes">&lt;/td&gt;&lt;/tr&gt;&lt;tr&gt;&lt;td colspan="3"&gt;&lt;a href="../Tests/testresults/01.N11TestCase-KeyTorc/selenium-screenshot-6.png"&gt;&lt;img src="../Tests/testresults/01.N11TestCase-KeyTorc/selenium-screenshot-6.png" width="800px"&gt;&lt;/a&gt;</msg>
<status status="PASS" starttime="20190711 17:19:28.618" endtime="20190711 17:19:29.053"></status>
</kw>
<status status="PASS" starttime="20190711 17:19:28.576" endtime="20190711 17:19:29.053"></status>
</kw>
<kw name="click on element" library="MainFunctions">
<arguments>
<arg>${element}</arg>
</arguments>
<kw name="Click Element" library="Selenium2Library">
<doc>Click element identified by ``locator``.</doc>
<arguments>
<arg>${element}</arg>
</arguments>
<msg timestamp="20190711 17:19:29.055" level="INFO">Clicking element 'id=loginButton'.</msg>
<status status="PASS" starttime="20190711 17:19:29.054" endtime="20190711 17:19:31.835"></status>
</kw>
<status status="PASS" starttime="20190711 17:19:29.053" endtime="20190711 17:19:31.835"></status>
</kw>
<status status="PASS" starttime="20190711 17:19:28.575" endtime="20190711 17:19:31.835"></status>
</kw>
<status status="PASS" starttime="20190711 17:19:24.484" endtime="20190711 17:19:31.835"></status>
</kw>
<kw name="SearchOnN11" library="N11Facilities">
<arguments>
<arg>Samsung</arg>
</arguments>
<kw name="Wait And Send Text" library="MainFunctions">
<arguments>
<arg>${searchinput}</arg>
<arg>${searchKeyword}</arg>
</arguments>
<kw name="wait for element" library="MainFunctions">
<arguments>
<arg>${element}</arg>
<arg>${timeout}</arg>
<arg>${interval}</arg>
</arguments>
<kw name="Wait Until Keyword Succeeds" library="BuiltIn">
<doc>Runs the specified keyword and retries if it fails.</doc>
<arguments>
<arg>${timeout}</arg>
<arg>${interval}</arg>
<arg>Page Should Contain Element</arg>
<arg>${element}</arg>
</arguments>
<kw name="Page Should Contain Element" library="Selenium2Library">
<doc>Verifies that element ``locator`` is found on the current page.</doc>
<arguments>
<arg>${element}</arg>
</arguments>
<msg timestamp="20190711 17:19:31.868" level="INFO">Current page contains element 'id=searchData'.</msg>
<status status="PASS" starttime="20190711 17:19:31.837" endtime="20190711 17:19:31.868"></status>
</kw>
<status status="PASS" starttime="20190711 17:19:31.836" endtime="20190711 17:19:31.868"></status>
</kw>
<kw name="Capture Page Screenshot" library="Selenium2Library">
<doc>Takes screenshot of the current page and embeds it into log file.</doc>
<msg timestamp="20190711 17:19:32.520" level="INFO" html="yes">&lt;/td&gt;&lt;/tr&gt;&lt;tr&gt;&lt;td colspan="3"&gt;&lt;a href="../Tests/testresults/01.N11TestCase-KeyTorc/selenium-screenshot-7.png"&gt;&lt;img src="../Tests/testresults/01.N11TestCase-KeyTorc/selenium-screenshot-7.png" width="800px"&gt;&lt;/a&gt;</msg>
<status status="PASS" starttime="20190711 17:19:31.868" endtime="20190711 17:19:32.520"></status>
</kw>
<status status="PASS" starttime="20190711 17:19:31.836" endtime="20190711 17:19:32.521"></status>
</kw>
<kw name="send text to element" library="MainFunctions">
<arguments>
<arg>${element}</arg>
<arg>${text}</arg>
</arguments>
<kw name="Input Text" library="Selenium2Library">
<doc>Types the given ``text`` into text field identified by ``locator``.</doc>
<arguments>
<arg>${element}</arg>
<arg>${text}</arg>
</arguments>
<msg timestamp="20190711 17:19:32.521" level="INFO">Typing text 'Samsung' into text field 'id=searchData'.</msg>
<status status="PASS" starttime="20190711 17:19:32.521" endtime="20190711 17:19:32.669"></status>
</kw>
<status status="PASS" starttime="20190711 17:19:32.521" endtime="20190711 17:19:32.669"></status>
</kw>
<status status="PASS" starttime="20190711 17:19:31.836" endtime="20190711 17:19:32.669"></status>
</kw>
<kw name="Wait And Click Element" library="MainFunctions">
<arguments>
<arg>${searchbutton}</arg>
</arguments>
<kw name="wait for element" library="MainFunctions">
<arguments>
<arg>${element}</arg>
<arg>${timeout}</arg>
<arg>${interval}</arg>
</arguments>
<kw name="Wait Until Keyword Succeeds" library="BuiltIn">
<doc>Runs the specified keyword and retries if it fails.</doc>
<arguments>
<arg>${timeout}</arg>
<arg>${interval}</arg>
<arg>Page Should Contain Element</arg>
<arg>${element}</arg>
</arguments>
<kw name="Page Should Contain Element" library="Selenium2Library">
<doc>Verifies that element ``locator`` is found on the current page.</doc>
<arguments>
<arg>${element}</arg>
</arguments>
<msg timestamp="20190711 17:19:32.707" level="INFO">Current page contains element 'xpath=//a[@title="ARA"]'.</msg>
<status status="PASS" starttime="20190711 17:19:32.670" endtime="20190711 17:19:32.707"></status>
</kw>
<status status="PASS" starttime="20190711 17:19:32.670" endtime="20190711 17:19:32.707"></status>
</kw>
<kw name="Capture Page Screenshot" library="Selenium2Library">
<doc>Takes screenshot of the current page and embeds it into log file.</doc>
<msg timestamp="20190711 17:19:33.443" level="INFO" html="yes">&lt;/td&gt;&lt;/tr&gt;&lt;tr&gt;&lt;td colspan="3"&gt;&lt;a href="../Tests/testresults/01.N11TestCase-KeyTorc/selenium-screenshot-8.png"&gt;&lt;img src="../Tests/testresults/01.N11TestCase-KeyTorc/selenium-screenshot-8.png" width="800px"&gt;&lt;/a&gt;</msg>
<status status="PASS" starttime="20190711 17:19:32.707" endtime="20190711 17:19:33.444"></status>
</kw>
<status status="PASS" starttime="20190711 17:19:32.669" endtime="20190711 17:19:33.444"></status>
</kw>
<kw name="click on element" library="MainFunctions">
<arguments>
<arg>${element}</arg>
</arguments>
<kw name="Click Element" library="Selenium2Library">
<doc>Click element identified by ``locator``.</doc>
<arguments>
<arg>${element}</arg>
</arguments>
<msg timestamp="20190711 17:19:33.445" level="INFO">Clicking element 'xpath=//a[@title="ARA"]'.</msg>
<status status="PASS" starttime="20190711 17:19:33.445" endtime="20190711 17:19:36.372"></status>
</kw>
<status status="PASS" starttime="20190711 17:19:33.444" endtime="20190711 17:19:36.372"></status>
</kw>
<status status="PASS" starttime="20190711 17:19:32.669" endtime="20190711 17:19:36.372"></status>
</kw>
<kw name="Get Text" library="Selenium2Library">
<doc>Returns the text value of element identified by ``locator``.</doc>
<arguments>
<arg>${searchKeyText}</arg>
</arguments>
<assign>
<var>${currentSearchKey}</var>
</assign>
<msg timestamp="20190711 17:19:36.426" level="INFO">${currentSearchKey} = Samsung</msg>
<status status="PASS" starttime="20190711 17:19:36.373" endtime="20190711 17:19:36.426"></status>
</kw>
<kw name="Run Keyword If" library="BuiltIn">
<doc>Runs the given keyword with the given arguments, if ``condition`` is true.</doc>
<arguments>
<arg>'${currentSearchKey}'=='${searchKeyword}'</arg>
<arg>Log</arg>
<arg>You are correct keyword -- ${searchKeyword}</arg>
<arg>level=WARN</arg>
<arg>ELSE</arg>
<arg>FAIL</arg>
<arg>You are in ${currentSearchKey}</arg>
</arguments>
<kw name="Log" library="BuiltIn">
<doc>Logs the given message with the given level.</doc>
<arguments>
<arg>You are correct keyword -- ${searchKeyword}</arg>
<arg>level=WARN</arg>
</arguments>
<msg timestamp="20190711 17:19:36.428" level="WARN">You are correct keyword -- Samsung</msg>
<status status="PASS" starttime="20190711 17:19:36.428" endtime="20190711 17:19:36.430"></status>
</kw>
<status status="PASS" starttime="20190711 17:19:36.427" endtime="20190711 17:19:36.430"></status>
</kw>
<status status="PASS" starttime="20190711 17:19:31.835" endtime="20190711 17:19:36.430"></status>
</kw>
<kw name="GoToSecondPage" library="N11Facilities">
<kw name="Wait And Click Element" library="MainFunctions">
<arguments>
<arg>${secondPage}</arg>
</arguments>
<kw name="wait for element" library="MainFunctions">
<arguments>
<arg>${element}</arg>
<arg>${timeout}</arg>
<arg>${interval}</arg>
</arguments>
<kw name="Wait Until Keyword Succeeds" library="BuiltIn">
<doc>Runs the specified keyword and retries if it fails.</doc>
<arguments>
<arg>${timeout}</arg>
<arg>${interval}</arg>
<arg>Page Should Contain Element</arg>
<arg>${element}</arg>
</arguments>
<kw name="Page Should Contain Element" library="Selenium2Library">
<doc>Verifies that element ``locator`` is found on the current page.</doc>
<arguments>
<arg>${element}</arg>
</arguments>
<msg timestamp="20190711 17:19:36.458" level="INFO">Current page contains element 'xpath=//div[@class="pagination"]/a[2]'.</msg>
<status status="PASS" starttime="20190711 17:19:36.432" endtime="20190711 17:19:36.459"></status>
</kw>
<status status="PASS" starttime="20190711 17:19:36.431" endtime="20190711 17:19:36.459"></status>
</kw>
<kw name="Capture Page Screenshot" library="Selenium2Library">
<doc>Takes screenshot of the current page and embeds it into log file.</doc>
<msg timestamp="20190711 17:19:36.968" level="INFO" html="yes">&lt;/td&gt;&lt;/tr&gt;&lt;tr&gt;&lt;td colspan="3"&gt;&lt;a href="../Tests/testresults/01.N11TestCase-KeyTorc/selenium-screenshot-9.png"&gt;&lt;img src="../Tests/testresults/01.N11TestCase-KeyTorc/selenium-screenshot-9.png" width="800px"&gt;&lt;/a&gt;</msg>
<status status="PASS" starttime="20190711 17:19:36.459" endtime="20190711 17:19:36.968"></status>
</kw>
<status status="PASS" starttime="20190711 17:19:36.431" endtime="20190711 17:19:36.968"></status>
</kw>
<kw name="click on element" library="MainFunctions">
<arguments>
<arg>${element}</arg>
</arguments>
<kw name="Click Element" library="Selenium2Library">
<doc>Click element identified by ``locator``.</doc>
<arguments>
<arg>${element}</arg>
</arguments>
<msg timestamp="20190711 17:19:36.969" level="INFO">Clicking element 'xpath=//div[@class="pagination"]/a[2]'.</msg>
<kw name="Capture Page Screenshot" library="Selenium2Library">
<doc>Takes screenshot of the current page and embeds it into log file.</doc>
<msg timestamp="20190711 17:19:37.627" level="INFO" html="yes">&lt;/td&gt;&lt;/tr&gt;&lt;tr&gt;&lt;td colspan="3"&gt;&lt;a href="../Tests/testresults/01.N11TestCase-KeyTorc/selenium-screenshot-10.png"&gt;&lt;img src="../Tests/testresults/01.N11TestCase-KeyTorc/selenium-screenshot-10.png" width="800px"&gt;&lt;/a&gt;</msg>
<status status="PASS" starttime="20190711 17:19:37.123" endtime="20190711 17:19:37.627"></status>
</kw>
<msg timestamp="20190711 17:19:37.644" level="FAIL">ElementClickInterceptedException: Message: element click intercepted: Element &lt;a href="https://www.n11.com/arama?q=Samsung&amp;amp;pg=..."&gt;2&lt;/a&gt; is not clickable at point (925, 1184). Other element would receive the click: &lt;div id="p-349249459" class="columnContent "&gt;...&lt;/div&gt;
  (Session info: headless chrome=75.0.3770.100)
  (Driver info: chromedriver=74.0.3729.6 (255758eccf3d244491b8a1317aa76e1ce10d57e9-refs/branch-heads/3729@{#29}),platform=Windows NT 10.0.17763 x86_64)
</msg>
<status status="FAIL" starttime="20190711 17:19:36.969" endtime="20190711 17:19:37.644"></status>
</kw>
<status status="FAIL" starttime="20190711 17:19:36.968" endtime="20190711 17:19:37.644"></status>
</kw>
<status status="FAIL" starttime="20190711 17:19:36.430" endtime="20190711 17:19:37.644"></status>
</kw>
<status status="FAIL" starttime="20190711 17:19:36.430" endtime="20190711 17:19:37.645"></status>
</kw>
<status status="FAIL" starttime="20190711 17:19:22.416" endtime="20190711 17:19:37.645"></status>
</kw>
<kw name="When Test Fail Take Screenshot" library="MainFunctions" type="teardown">
<kw name="Run Keyword If Test Failed" library="BuiltIn">
<doc>Runs the given keyword with the given arguments, if the test failed.</doc>
<arguments>
<arg>Capture Page Screenshot</arg>
</arguments>
<kw name="Capture Page Screenshot" library="Selenium2Library">
<doc>Takes screenshot of the current page and embeds it into log file.</doc>
<msg timestamp="20190711 17:19:38.085" level="INFO" html="yes">&lt;/td&gt;&lt;/tr&gt;&lt;tr&gt;&lt;td colspan="3"&gt;&lt;a href="../Tests/testresults/01.N11TestCase-KeyTorc/selenium-screenshot-11.png"&gt;&lt;img src="../Tests/testresults/01.N11TestCase-KeyTorc/selenium-screenshot-11.png" width="800px"&gt;&lt;/a&gt;</msg>
<status status="PASS" starttime="20190711 17:19:37.646" endtime="20190711 17:19:38.085"></status>
</kw>
<status status="PASS" starttime="20190711 17:19:37.646" endtime="20190711 17:19:38.085"></status>
</kw>
<kw name="Run Keyword If Test Failed" library="BuiltIn">
<doc>Runs the given keyword with the given arguments, if the test failed.</doc>
<arguments>
<arg>Close Browser</arg>
</arguments>
<kw name="Close Browser" library="Selenium2Library">
<doc>Closes the current browser.</doc>
<status status="PASS" starttime="20190711 17:19:38.085" endtime="20190711 17:19:40.222"></status>
</kw>
<status status="PASS" starttime="20190711 17:19:38.085" endtime="20190711 17:19:40.222"></status>
</kw>
<kw name="Run Keyword If Test Passed" library="BuiltIn">
<doc>Runs the given keyword with the given arguments, if the test passed.</doc>
<arguments>
<arg>Close Browser</arg>
</arguments>
<status status="PASS" starttime="20190711 17:19:40.222" endtime="20190711 17:19:40.223"></status>
</kw>
<status status="PASS" starttime="20190711 17:19:37.646" endtime="20190711 17:19:40.223"></status>
</kw>
<status status="FAIL" starttime="20190711 17:19:00.692" endtime="20190711 17:19:40.224" critical="yes">ElementClickInterceptedException: Message: element click intercepted: Element &lt;a href="https://www.n11.com/arama?q=Samsung&amp;amp;pg=..."&gt;2&lt;/a&gt; is not clickable at point (925, 1184). Other element would receive the click: &lt;div id="p-349249459" class="columnContent "&gt;...&lt;/div&gt;
  (Session info: headless chrome=75.0.3770.100)
  (Driver info: chromedriver=74.0.3729.6 (255758eccf3d244491b8a1317aa76e1ce10d57e9-refs/branch-heads/3729@{#29}),platform=Windows NT 10.0.17763 x86_64)
</status>
</test>
<kw name="Close All Browsers" library="Selenium2Library" type="teardown">
<doc>Closes all open browsers and resets the browser cache.</doc>
<status status="PASS" starttime="20190711 17:19:40.226" endtime="20190711 17:19:40.227"></status>
</kw>
<status status="FAIL" starttime="20190711 17:18:58.628" endtime="20190711 17:19:40.227"></status>
</suite>
<statistics>
<total>
<stat pass="0" fail="1">Critical Tests</stat>
<stat pass="0" fail="1">All Tests</stat>
</total>
<tag>
</tag>
<suite>
<stat pass="0" fail="1" id="s1" name="Project">Project</stat>
</suite>
</statistics>
<errors>
<msg timestamp="20190711 17:19:24.416" level="WARN">You are in N11 website</msg>
<msg timestamp="20190711 17:19:36.428" level="WARN">You are correct keyword -- Samsung</msg>
</errors>
</robot>
</testsuite>
