<?xml version="1.0" encoding="UTF-8"?>
<robot generator="Robot 3.1.2 (Python 3.7.3 on win32)" generated="20190724 11:54:29.182" rpa="false">
<suite id="s1" name="Project" source="C:\www\AutomationApiAndUiTest\tests\project.robot">
<test id="s1-t1" name="TrendyolExample">
<kw name="Launch Browser" library="MainFunctions" type="setup">
<doc>***Description:***</doc>
<arguments>
<arg>${BROWSER}</arg>
</arguments>
<kw name="Set Screenshot Directory" library="Selenium2Library">
<doc>Sets the directory for captured screenshots.</doc>
<arguments>
<arg>C:\\www\\AutomationApiAndUiTest\\Variables/../Tests/testresults/${TEST_NAME}</arg>
</arguments>
<status status="PASS" starttime="20190724 11:54:30.555" endtime="20190724 11:54:30.555"></status>
</kw>
<kw name="Create Webdriver" library="Selenium2Library">
<doc>Creates an instance of Selenium WebDriver.</doc>
<arguments>
<arg>Chrome</arg>
<arg>executable_path=C:\\browserdriver\\chromedriver</arg>
</arguments>
<msg timestamp="20190724 11:54:30.555" level="INFO">Creating an instance of the Chrome WebDriver.</msg>
<status status="PASS" starttime="20190724 11:54:30.555" endtime="20190724 11:54:33.685"></status>
</kw>
<kw name="Go To" library="Selenium2Library">
<doc>Navigates the active browser instance to the provided ``url``.</doc>
<arguments>
<arg>${trendyolUrl}</arg>
</arguments>
<msg timestamp="20190724 11:54:33.686" level="INFO">Opening url 'https://www.trendyol.com'</msg>
<status status="PASS" starttime="20190724 11:54:33.685" endtime="20190724 11:55:00.074"></status>
</kw>
<kw name="Maximize Browser Window" library="Selenium2Library">
<doc>Maximizes current browser window.</doc>
<status status="PASS" starttime="20190724 11:55:00.075" endtime="20190724 11:55:01.328"></status>
</kw>
<status status="PASS" starttime="20190724 11:54:30.555" endtime="20190724 11:55:01.328"></status>
</kw>
<kw name="ClosePopup" library="TrendyolFacilities">
<kw name="Run Keyword And Ignore Error" library="BuiltIn">
<doc>Runs the given keyword with the given arguments and ignores possible error.</doc>
<arguments>
<arg>Wait And Click Element</arg>
<arg>${closeIcon}</arg>
<arg>timeout=5s</arg>
</arguments>
<kw name="Wait And Click Element" library="MainFunctions">
<doc>***Description:***</doc>
<arguments>
<arg>${closeIcon}</arg>
<arg>timeout=5s</arg>
</arguments>
<kw name="Wait For Element" library="MainFunctions">
<doc>***Description:***</doc>
<arguments>
<arg>${element}</arg>
<arg>${timeout}</arg>
<arg>${interval}</arg>
</arguments>
<kw name="Wait Until Keyword Succeeds" library="BuiltIn">
<doc>Runs the specified keyword and retries if it fails.</doc>
<arguments>
<arg>${timeout}</arg>
<arg>${interval}</arg>
<arg>Page Should Contain Element</arg>
<arg>${element}</arg>
</arguments>
<kw name="Page Should Contain Element" library="Selenium2Library">
<doc>Verifies that element ``locator`` is found on the current page.</doc>
<arguments>
<arg>${element}</arg>
</arguments>
<msg timestamp="20190724 11:55:01.397" level="INFO">Current page contains element 'xpath=//*[@title="Close"]'.</msg>
<status status="PASS" starttime="20190724 11:55:01.340" endtime="20190724 11:55:01.397"></status>
</kw>
<status status="PASS" starttime="20190724 11:55:01.340" endtime="20190724 11:55:01.397"></status>
</kw>
<kw name="Capture Page Screenshot" library="Selenium2Library">
<doc>Takes screenshot of the current page and embeds it into log file.</doc>
<msg timestamp="20190724 11:55:02.607" level="INFO" html="yes">&lt;/td&gt;&lt;/tr&gt;&lt;tr&gt;&lt;td colspan="3"&gt;&lt;a href="../Tests/testresults/TrendyolExample/selenium-screenshot-5.png"&gt;&lt;img src="../Tests/testresults/TrendyolExample/selenium-screenshot-5.png" width="800px"&gt;&lt;/a&gt;</msg>
<status status="PASS" starttime="20190724 11:55:01.398" endtime="20190724 11:55:02.607"></status>
</kw>
<status status="PASS" starttime="20190724 11:55:01.338" endtime="20190724 11:55:02.607"></status>
</kw>
<kw name="Click Element" library="Selenium2Library">
<doc>Click element identified by ``locator``.</doc>
<arguments>
<arg>${element}</arg>
</arguments>
<msg timestamp="20190724 11:55:02.608" level="INFO">Clicking element 'xpath=//*[@title="Close"]'.</msg>
<status status="PASS" starttime="20190724 11:55:02.607" endtime="20190724 11:55:02.774"></status>
</kw>
<status status="PASS" starttime="20190724 11:55:01.335" endtime="20190724 11:55:02.775"></status>
</kw>
<status status="PASS" starttime="20190724 11:55:01.334" endtime="20190724 11:55:02.775"></status>
</kw>
<kw name="Wait Until Element Is Not Visible" library="Selenium2Library">
<doc>Waits until element ``locator`` is not visible.</doc>
<arguments>
<arg>${closeIcon}</arg>
</arguments>
<status status="PASS" starttime="20190724 11:55:02.775" endtime="20190724 11:55:02.793"></status>
</kw>
<status status="PASS" starttime="20190724 11:55:01.332" endtime="20190724 11:55:02.793"></status>
</kw>
<kw name="TrendyolLogin" library="TrendyolFacilities">
<kw name="OpenLoginPopup" library="TrendyolFacilities">
<kw name="Wait And Click Element" library="MainFunctions">
<doc>***Description:***</doc>
<arguments>
<arg>${loginIcon}</arg>
</arguments>
<kw name="Wait For Element" library="MainFunctions">
<doc>***Description:***</doc>
<arguments>
<arg>${element}</arg>
<arg>${timeout}</arg>
<arg>${interval}</arg>
</arguments>
<kw name="Wait Until Keyword Succeeds" library="BuiltIn">
<doc>Runs the specified keyword and retries if it fails.</doc>
<arguments>
<arg>${timeout}</arg>
<arg>${interval}</arg>
<arg>Page Should Contain Element</arg>
<arg>${element}</arg>
</arguments>
<kw name="Page Should Contain Element" library="Selenium2Library">
<doc>Verifies that element ``locator`` is found on the current page.</doc>
<arguments>
<arg>${element}</arg>
</arguments>
<msg timestamp="20190724 11:55:02.828" level="INFO">Current page contains element 'xpath=//*[@id='accountNavigationRoot']//i'.</msg>
<status status="PASS" starttime="20190724 11:55:02.803" endtime="20190724 11:55:02.829"></status>
</kw>
<status status="PASS" starttime="20190724 11:55:02.801" endtime="20190724 11:55:02.830"></status>
</kw>
<kw name="Capture Page Screenshot" library="Selenium2Library">
<doc>Takes screenshot of the current page and embeds it into log file.</doc>
<msg timestamp="20190724 11:55:04.480" level="INFO" html="yes">&lt;/td&gt;&lt;/tr&gt;&lt;tr&gt;&lt;td colspan="3"&gt;&lt;a href="../Tests/testresults/TrendyolExample/selenium-screenshot-6.png"&gt;&lt;img src="../Tests/testresults/TrendyolExample/selenium-screenshot-6.png" width="800px"&gt;&lt;/a&gt;</msg>
<status status="PASS" starttime="20190724 11:55:02.832" endtime="20190724 11:55:04.480"></status>
</kw>
<status status="PASS" starttime="20190724 11:55:02.799" endtime="20190724 11:55:04.480"></status>
</kw>
<kw name="Click Element" library="Selenium2Library">
<doc>Click element identified by ``locator``.</doc>
<arguments>
<arg>${element}</arg>
</arguments>
<msg timestamp="20190724 11:55:04.481" level="INFO">Clicking element 'xpath=//*[@id='accountNavigationRoot']//i'.</msg>
<status status="PASS" starttime="20190724 11:55:04.481" endtime="20190724 11:55:04.607"></status>
</kw>
<status status="PASS" starttime="20190724 11:55:02.797" endtime="20190724 11:55:04.607"></status>
</kw>
<status status="PASS" starttime="20190724 11:55:02.795" endtime="20190724 11:55:04.607"></status>
</kw>
<kw name="EnterMailAndPassword" library="TrendyolFacilities">
<kw name="Wait For Element" library="MainFunctions">
<doc>***Description:***</doc>
<arguments>
<arg>${emailInput}</arg>
</arguments>
<kw name="Wait Until Keyword Succeeds" library="BuiltIn">
<doc>Runs the specified keyword and retries if it fails.</doc>
<arguments>
<arg>${timeout}</arg>
<arg>${interval}</arg>
<arg>Page Should Contain Element</arg>
<arg>${element}</arg>
</arguments>
<kw name="Page Should Contain Element" library="Selenium2Library">
<doc>Verifies that element ``locator`` is found on the current page.</doc>
<arguments>
<arg>${element}</arg>
</arguments>
<kw name="Capture Page Screenshot" library="Selenium2Library">
<doc>Takes screenshot of the current page and embeds it into log file.</doc>
<msg timestamp="20190724 11:55:07.638" level="INFO" html="yes">&lt;/td&gt;&lt;/tr&gt;&lt;tr&gt;&lt;td colspan="3"&gt;&lt;a href="../Tests/testresults/TrendyolExample/selenium-screenshot-7.png"&gt;&lt;img src="../Tests/testresults/TrendyolExample/selenium-screenshot-7.png" width="800px"&gt;&lt;/a&gt;</msg>
<status status="PASS" starttime="20190724 11:55:04.913" endtime="20190724 11:55:07.639"></status>
</kw>
<msg timestamp="20190724 11:55:07.652" level="FAIL">Page should have contained element 'id=email' but did not.</msg>
<status status="FAIL" starttime="20190724 11:55:04.610" endtime="20190724 11:55:07.653"></status>
</kw>
<kw name="Page Should Contain Element" library="Selenium2Library">
<doc>Verifies that element ``locator`` is found on the current page.</doc>
<arguments>
<arg>${element}</arg>
</arguments>
<msg timestamp="20190724 11:55:08.713" level="INFO">Current page contains element 'id=email'.</msg>
<status status="PASS" starttime="20190724 11:55:08.654" endtime="20190724 11:55:08.714"></status>
</kw>
<status status="PASS" starttime="20190724 11:55:04.608" endtime="20190724 11:55:08.714"></status>
</kw>
<kw name="Capture Page Screenshot" library="Selenium2Library">
<doc>Takes screenshot of the current page and embeds it into log file.</doc>
<msg timestamp="20190724 11:55:10.910" level="INFO" html="yes">&lt;/td&gt;&lt;/tr&gt;&lt;tr&gt;&lt;td colspan="3"&gt;&lt;a href="../Tests/testresults/TrendyolExample/selenium-screenshot-8.png"&gt;&lt;img src="../Tests/testresults/TrendyolExample/selenium-screenshot-8.png" width="800px"&gt;&lt;/a&gt;</msg>
<status status="PASS" starttime="20190724 11:55:08.715" endtime="20190724 11:55:10.910"></status>
</kw>
<status status="PASS" starttime="20190724 11:55:04.608" endtime="20190724 11:55:10.911"></status>
</kw>
<kw name="Input Text" library="Selenium2Library">
<doc>Types the given ``text`` into text field identified by ``locator``.</doc>
<arguments>
<arg>${emailInput}</arg>
<arg>${userMail}</arg>
</arguments>
<msg timestamp="20190724 11:55:10.912" level="INFO">Typing text 'angealhelweyy@gmail.com' into text field 'id=email'.</msg>
<status status="PASS" starttime="20190724 11:55:10.911" endtime="20190724 11:55:11.872"></status>
</kw>
<kw name="Input Text" library="Selenium2Library">
<doc>Types the given ``text`` into text field identified by ``locator``.</doc>
<arguments>
<arg>${passwordInput}</arg>
<arg>${userPassword}</arg>
</arguments>
<msg timestamp="20190724 11:55:11.873" level="INFO">Typing text '11473369' into text field 'id=password'.</msg>
<status status="PASS" starttime="20190724 11:55:11.872" endtime="20190724 11:55:12.366"></status>
</kw>
<status status="PASS" starttime="20190724 11:55:04.607" endtime="20190724 11:55:12.367"></status>
</kw>
<kw name="SubmitLoginButton" library="TrendyolFacilities">
<kw name="Wait And Click Element" library="MainFunctions">
<doc>***Description:***</doc>
<arguments>
<arg>${loginButton}</arg>
</arguments>
<kw name="Wait For Element" library="MainFunctions">
<doc>***Description:***</doc>
<arguments>
<arg>${element}</arg>
<arg>${timeout}</arg>
<arg>${interval}</arg>
</arguments>
<kw name="Wait Until Keyword Succeeds" library="BuiltIn">
<doc>Runs the specified keyword and retries if it fails.</doc>
<arguments>
<arg>${timeout}</arg>
<arg>${interval}</arg>
<arg>Page Should Contain Element</arg>
<arg>${element}</arg>
</arguments>
<kw name="Page Should Contain Element" library="Selenium2Library">
<doc>Verifies that element ``locator`` is found on the current page.</doc>
<arguments>
<arg>${element}</arg>
</arguments>
<msg timestamp="20190724 11:55:12.483" level="INFO">Current page contains element 'id=loginSubmit'.</msg>
<status status="PASS" starttime="20190724 11:55:12.373" endtime="20190724 11:55:12.483"></status>
</kw>
<status status="PASS" starttime="20190724 11:55:12.372" endtime="20190724 11:55:12.483"></status>
</kw>
<kw name="Capture Page Screenshot" library="Selenium2Library">
<doc>Takes screenshot of the current page and embeds it into log file.</doc>
<msg timestamp="20190724 11:55:14.263" level="INFO" html="yes">&lt;/td&gt;&lt;/tr&gt;&lt;tr&gt;&lt;td colspan="3"&gt;&lt;a href="../Tests/testresults/TrendyolExample/selenium-screenshot-9.png"&gt;&lt;img src="../Tests/testresults/TrendyolExample/selenium-screenshot-9.png" width="800px"&gt;&lt;/a&gt;</msg>
<status status="PASS" starttime="20190724 11:55:12.484" endtime="20190724 11:55:14.263"></status>
</kw>
<status status="PASS" starttime="20190724 11:55:12.370" endtime="20190724 11:55:14.263"></status>
</kw>
<kw name="Click Element" library="Selenium2Library">
<doc>Click element identified by ``locator``.</doc>
<arguments>
<arg>${element}</arg>
</arguments>
<msg timestamp="20190724 11:55:14.264" level="INFO">Clicking element 'id=loginSubmit'.</msg>
<status status="PASS" starttime="20190724 11:55:14.264" endtime="20190724 11:55:14.895"></status>
</kw>
<status status="PASS" starttime="20190724 11:55:12.369" endtime="20190724 11:55:14.896"></status>
</kw>
<status status="PASS" starttime="20190724 11:55:12.367" endtime="20190724 11:55:14.897"></status>
</kw>
<kw name="CheckLogin" library="TrendyolFacilities">
<kw name="CheckElementText" library="MainFunctions">
<doc>***Description:***</doc>
<arguments>
<arg>${loginIconName}</arg>
<arg>Hesabım</arg>
<arg>Login Case is</arg>
</arguments>
<kw name="Wait For Element" library="MainFunctions">
<doc>***Description:***</doc>
<arguments>
<arg>${element}</arg>
<arg>30s</arg>
</arguments>
<kw name="Wait Until Keyword Succeeds" library="BuiltIn">
<doc>Runs the specified keyword and retries if it fails.</doc>
<arguments>
<arg>${timeout}</arg>
<arg>${interval}</arg>
<arg>Page Should Contain Element</arg>
<arg>${element}</arg>
</arguments>
<kw name="Page Should Contain Element" library="Selenium2Library">
<doc>Verifies that element ``locator`` is found on the current page.</doc>
<arguments>
<arg>${element}</arg>
</arguments>
<msg timestamp="20190724 11:55:14.952" level="INFO">Current page contains element 'id=logged-in-container'.</msg>
<status status="PASS" starttime="20190724 11:55:14.901" endtime="20190724 11:55:14.953"></status>
</kw>
<status status="PASS" starttime="20190724 11:55:14.900" endtime="20190724 11:55:14.953"></status>
</kw>
<kw name="Capture Page Screenshot" library="Selenium2Library">
<doc>Takes screenshot of the current page and embeds it into log file.</doc>
<msg timestamp="20190724 11:55:25.156" level="INFO" html="yes">&lt;/td&gt;&lt;/tr&gt;&lt;tr&gt;&lt;td colspan="3"&gt;&lt;a href="../Tests/testresults/TrendyolExample/selenium-screenshot-10.png"&gt;&lt;img src="../Tests/testresults/TrendyolExample/selenium-screenshot-10.png" width="800px"&gt;&lt;/a&gt;</msg>
<status status="PASS" starttime="20190724 11:55:14.953" endtime="20190724 11:55:25.156"></status>
</kw>
<status status="PASS" starttime="20190724 11:55:14.899" endtime="20190724 11:55:25.157"></status>
</kw>
<kw name="Sleep" library="BuiltIn">
<doc>Pauses the test executed for the given time.</doc>
<arguments>
<arg>1s</arg>
</arguments>
<msg timestamp="20190724 11:55:26.159" level="INFO">Slept 1 second</msg>
<status status="PASS" starttime="20190724 11:55:25.157" endtime="20190724 11:55:26.159"></status>
</kw>
<kw name="Run Keyword And Ignore Error" library="BuiltIn">
<doc>Runs the given keyword with the given arguments and ignores possible error.</doc>
<arguments>
<arg>Element Text Should Be</arg>
<arg>${element}</arg>
<arg>${expectedText}</arg>
</arguments>
<assign>
<var>${status}</var>
<var>${value}</var>
</assign>
<kw name="Element Text Should Be" library="Selenium2Library">
<doc>Verifies that element ``locator`` contains exact text ``expected``.</doc>
<arguments>
<arg>${element}</arg>
<arg>${expectedText}</arg>
</arguments>
<msg timestamp="20190724 11:55:26.160" level="INFO">Verifying element 'id=logged-in-container' contains exact text 'Hesabım'.</msg>
<status status="PASS" starttime="20190724 11:55:26.160" endtime="20190724 11:55:26.209"></status>
</kw>
<msg timestamp="20190724 11:55:26.209" level="INFO">${status} = PASS</msg>
<msg timestamp="20190724 11:55:26.210" level="INFO">${value} = None</msg>
<status status="PASS" starttime="20190724 11:55:26.159" endtime="20190724 11:55:26.210"></status>
</kw>
<kw name="Run Keyword If" library="BuiltIn">
<doc>Runs the given keyword with the given arguments, if ``condition`` is true.</doc>
<arguments>
<arg>'${status}'=='PASS'</arg>
<arg>log to console</arg>
<arg>\n${checkMessage} Success</arg>
<arg>ELSE</arg>
<arg>Fail</arg>
<arg>\nERROR-${checkMessage}-ERROR</arg>
</arguments>
<kw name="Log To Console" library="BuiltIn">
<doc>Logs the given message to the console.</doc>
<arguments>
<arg>\n${checkMessage} Success</arg>
</arguments>
<status status="PASS" starttime="20190724 11:55:26.211" endtime="20190724 11:55:26.212"></status>
</kw>
<status status="PASS" starttime="20190724 11:55:26.210" endtime="20190724 11:55:26.212"></status>
</kw>
<kw name="Capture Page Screenshot" library="Selenium2Library">
<doc>Takes screenshot of the current page and embeds it into log file.</doc>
<msg timestamp="20190724 11:55:28.483" level="INFO" html="yes">&lt;/td&gt;&lt;/tr&gt;&lt;tr&gt;&lt;td colspan="3"&gt;&lt;a href="../Tests/testresults/TrendyolExample/selenium-screenshot-11.png"&gt;&lt;img src="../Tests/testresults/TrendyolExample/selenium-screenshot-11.png" width="800px"&gt;&lt;/a&gt;</msg>
<status status="PASS" starttime="20190724 11:55:26.212" endtime="20190724 11:55:28.483"></status>
</kw>
<status status="PASS" starttime="20190724 11:55:14.898" endtime="20190724 11:55:28.484"></status>
</kw>
<status status="PASS" starttime="20190724 11:55:14.897" endtime="20190724 11:55:28.484"></status>
</kw>
<status status="PASS" starttime="20190724 11:55:02.794" endtime="20190724 11:55:28.485"></status>
</kw>
<kw name="GoToBoutique" library="TrendyolFacilities">
<kw name="${INDEX} IN RANGE [ 1 | 9 ]" type="for">
<kw name="${INDEX} = 1" type="foritem">
<kw name="ClickAndCheckImages" library="TrendyolFacilities">
<arguments>
<arg>${INDEX}</arg>
</arguments>
<kw name="Wait And Click Element" library="MainFunctions">
<doc>***Description:***</doc>
<arguments>
<arg>${boutiqueMainPath}${INDEX}</arg>
</arguments>
<kw name="Wait For Element" library="MainFunctions">
<doc>***Description:***</doc>
<arguments>
<arg>${element}</arg>
<arg>${timeout}</arg>
<arg>${interval}</arg>
</arguments>
<kw name="Wait Until Keyword Succeeds" library="BuiltIn">
<doc>Runs the specified keyword and retries if it fails.</doc>
<arguments>
<arg>${timeout}</arg>
<arg>${interval}</arg>
<arg>Page Should Contain Element</arg>
<arg>${element}</arg>
</arguments>
<kw name="Page Should Contain Element" library="Selenium2Library">
<doc>Verifies that element ``locator`` is found on the current page.</doc>
<arguments>
<arg>${element}</arg>
</arguments>
<kw name="Capture Page Screenshot" library="Selenium2Library">
<doc>Takes screenshot of the current page and embeds it into log file.</doc>
<msg timestamp="20190724 11:55:31.208" level="INFO" html="yes">&lt;/td&gt;&lt;/tr&gt;&lt;tr&gt;&lt;td colspan="3"&gt;&lt;a href="../Tests/testresults/TrendyolExample/selenium-screenshot-12.png"&gt;&lt;img src="../Tests/testresults/TrendyolExample/selenium-screenshot-12.png" width="800px"&gt;&lt;/a&gt;</msg>
<status status="PASS" starttime="20190724 11:55:28.973" endtime="20190724 11:55:31.208"></status>
</kw>
<msg timestamp="20190724 11:55:31.211" level="FAIL">Page should have contained element 'id=item1' but did not.</msg>
<status status="FAIL" starttime="20190724 11:55:28.501" endtime="20190724 11:55:31.212"></status>
</kw>
<kw name="Page Should Contain Element" library="Selenium2Library">
<doc>Verifies that element ``locator`` is found on the current page.</doc>
<arguments>
<arg>${element}</arg>
</arguments>
<kw name="Capture Page Screenshot" library="Selenium2Library">
<doc>Takes screenshot of the current page and embeds it into log file.</doc>
<status status="FAIL" starttime="20190724 11:55:32.425" endtime="20190724 11:55:33.651"></status>
</kw>
<msg timestamp="20190724 11:55:33.652" level="WARN">Keyword 'Capture Page Screenshot' could not be run on failure: Execution terminated by signal</msg>
<msg timestamp="20190724 11:55:33.658" level="FAIL">Page should have contained element 'id=item1' but did not.</msg>
<status status="FAIL" starttime="20190724 11:55:32.213" endtime="20190724 11:55:33.658"></status>
</kw>
<errors>
<msg timestamp="20190724 11:55:33.652" level="WARN">Keyword 'Capture Page Screenshot' could not be run on failure: Execution terminated by signal</msg>
<msg timestamp="20190724 11:55:33.719" level="ERROR">Execution stopped by user.</msg>
</errors>
</robot>
